[2025-01-24 09:45:14.700]	.info	0121_1/main.go:16	log init success!
[2025-01-24 09:45:19.334]	.info	controller/user.go:38	
[2025-01-24 09:45:19.334]	.info	controller/user.go:39	bbb
[2025-01-24 09:45:36.168]	.info	controller/user.go:38	bb
[2025-01-24 09:45:36.168]	.info	controller/user.go:39	bbb
[2025-01-24 09:46:23.485]	.info	controller/user.go:38	bb
[2025-01-24 09:46:23.485]	.info	controller/user.go:39	bbb
[2025-01-24 10:17:04.418]	.info	0121_1/main.go:16	log init success!
[2025-01-24 10:17:24.362]	.info	controller/user.go:39	bb
[2025-01-24 10:17:24.362]	.info	controller/user.go:40	bbb
[2025-01-24 10:18:10.172]	.info	0121_1/main.go:16	log init success!
[2025-01-24 10:39:36.401]	.info	0121_1/main.go:16	log init success!
[2025-01-24 10:39:41.172]	.info	controller/user.go:39	aaa
[2025-01-24 10:39:57.401]	.info	controller/user.go:39	aaa
[2025-01-24 10:42:28.216]	.info	0121_1/main.go:16	log init success!
[2025-01-24 10:42:36.454]	.info	controller/user.go:39	bbb
[2025-01-24 10:42:40.408]	.info	controller/user.go:39	bbb
[2025-01-24 10:43:05.336]	.info	0121_1/main.go:16	log init success!
[2025-01-24 10:43:13.704]	.info	controller/user.go:39	bbb
[2025-01-24 10:44:16.663]	.info	0121_1/main.go:16	log init success!
[2025-01-24 10:44:19.180]	.info	controller/user.go:39	aaa
[2025-01-24 10:44:28.213]	.info	0121_1/main.go:16	log init success!
[2025-01-24 10:44:32.237]	.info	controller/user.go:39	aaa
[2025-01-24 10:47:29.882]	.info	0121_1/main.go:16	log init success!
[2025-01-24 10:47:34.623]	.info	controller/user.go:39	ccc
[2025-01-24 10:47:47.485]	.info	0121_1/main.go:16	log init success!
[2025-01-24 10:47:52.434]	.info	controller/user.go:39	ccc
[2025-01-24 10:48:08.695]	.info	controller/user.go:39	ccc
[2025-01-24 10:50:46.103]	.info	controller/user.go:39	ccc
[2025-01-24 10:50:50.648]	.info	controller/user.go:39	ccc
[2025-01-24 10:50:52.487]	.info	controller/user.go:39	ccc
[2025-01-24 10:50:56.028]	.info	controller/user.go:39	ccc
[2025-01-24 10:50:57.060]	.info	controller/user.go:39	ccc
[2025-01-24 10:50:57.717]	.info	controller/user.go:39	ccc
[2025-01-24 10:50:58.584]	.info	controller/user.go:39	ccc
[2025-01-24 10:51:12.787]	.info	0121_1/main.go:16	log init success!
[2025-01-24 10:51:18.849]	.info	controller/user.go:39	ccc
[2025-01-24 10:52:05.580]	.info	0121_1/main.go:16	log init success!
[2025-01-24 10:52:10.453]	.info	controller/user.go:39	ccc
[2025-01-24 10:52:30.056]	.info	0121_1/main.go:16	log init success!
[2025-01-24 10:52:32.646]	.info	controller/user.go:39	bbb
[2025-01-24 10:52:39.619]	.info	0121_1/main.go:16	log init success!
[2025-01-24 10:52:42.832]	.info	controller/user.go:39	bbb
[2025-01-24 10:52:44.330]	.info	controller/user.go:39	bbb
[2025-01-24 10:55:54.771]	.info	0121_1/main.go:16	log init success!
[2025-01-24 10:55:59.529]	.info	0121_1/main.go:16	log init success!
[2025-01-24 10:56:03.491]	.info	controller/user.go:39	bbb
[2025-01-24 10:56:10.844]	.info	0121_1/main.go:16	log init success!
[2025-01-24 10:56:14.194]	.info	controller/user.go:39	bbb
[2025-01-24 10:56:41.417]	.info	0121_1/main.go:16	log init success!
[2025-01-24 10:57:50.432]	.info	0121_1/main.go:16	log init success!
[2025-01-24 10:57:54.830]	.info	controller/user.go:39	bbb
[2025-01-24 10:58:01.388]	.info	0121_1/main.go:16	log init success!
[2025-01-24 10:58:49.454]	.info	0121_1/main.go:16	log init success!
[2025-01-24 10:58:52.698]	.info	controller/user.go:39	bbb
[2025-01-24 10:58:59.616]	.info	0121_1/main.go:16	log init success!
[2025-01-24 10:59:12.706]	.info	0121_1/main.go:16	log init success!
[2025-01-24 10:59:15.156]	.info	controller/user.go:39	bbb
[2025-01-24 10:59:16.477]	.info	controller/user.go:39	bbb
[2025-01-24 10:59:21.497]	.info	0121_1/main.go:16	log init success!
[2025-01-24 10:59:26.876]	.info	controller/user.go:39	bbb
[2025-01-24 11:00:20.799]	.info	0121_1/main.go:16	log init success!
[2025-01-24 11:00:34.094]	.info	controller/user.go:39	bbb
[2025-01-24 11:00:40.798]	.info	0121_1/main.go:16	log init success!
[2025-01-24 11:01:42.768]	.info	0121_1/main.go:16	log init success!
[2025-01-24 11:01:45.442]	.info	controller/user.go:39	bbb
[2025-01-24 11:01:51.781]	.info	0121_1/main.go:16	log init success!
[2025-01-24 11:02:04.501]	.info	0121_1/main.go:16	log init success!
[2025-01-24 11:06:07.013]	.info	0121_1/main.go:16	log init success!
[2025-01-24 11:06:12.415]	.info	0121_1/main.go:16	log init success!
[2025-01-24 11:06:47.227]	.info	controller/user.go:39	bbb
[2025-01-24 11:06:57.546]	.info	0121_1/main.go:16	log init success!
[2025-01-24 11:07:00.177]	.info	controller/user.go:39	bbb
[2025-01-24 11:07:30.584]	.info	0121_1/main.go:16	log init success!
[2025-01-24 11:07:32.936]	.info	0121_1/main.go:16	log init success!
[2025-01-24 11:07:36.836]	.info	controller/user.go:39	ccc
[2025-01-24 11:07:38.094]	.info	controller/user.go:39	ccc
[2025-01-24 11:07:46.172]	.info	0121_1/main.go:16	log init success!
[2025-01-24 11:07:51.077]	.info	controller/user.go:39	ccc
[2025-01-24 11:07:52.150]	.info	controller/user.go:39	ccc
[2025-01-24 11:09:29.636]	.info	0121_1/main.go:16	log init success!
[2025-01-24 11:10:43.257]	.info	0121_1/main.go:16	log init success!
[2025-01-24 11:10:47.513]	.info	controller/user.go:39	ccc
[2025-01-24 11:10:55.846]	.info	0121_1/main.go:16	log init success!
[2025-01-24 11:11:53.796]	.info	0121_1/main.go:16	log init success!
[2025-01-24 11:11:57.964]	.info	controller/user.go:39	ccc
[2025-01-24 11:12:04.221]	.info	0121_1/main.go:16	log init success!
[2025-01-24 11:12:07.831]	.info	controller/user.go:39	ccc
[2025-01-24 11:13:31.150]	.info	0121_1/main.go:16	log init success!
[2025-01-24 11:13:35.251]	.info	0121_1/main.go:16	log init success!
[2025-01-24 11:13:46.371]	.info	0121_1/main.go:16	log init success!
[2025-01-24 11:20:50.200]	.info	0121_1/main.go:16	log init success!
[2025-01-24 11:20:55.854]	.info	0121_1/main.go:16	log init success!
[2025-01-24 11:22:32.952]	.info	0121_1/main.go:16	log init success!
[2025-01-24 11:22:40.669]	.info	controller/user.go:39	ccc
[2025-01-24 11:22:47.315]	.info	0121_1/main.go:16	log init success!
[2025-01-24 11:22:53.575]	.info	0121_1/main.go:16	log init success!
[2025-01-24 11:32:05.531]	.info	0121_1/main.go:16	log init success!
[2025-01-24 11:33:49.275]	.info	0121_1/main.go:16	log init success!
[2025-01-24 11:33:55.639]	.info	controller/user.go:39	ccc
[2025-01-24 11:34:04.490]	.info	0121_1/main.go:16	log init success!
[2025-01-24 11:34:06.636]	.info	controller/user.go:39	ccc
[2025-01-24 11:34:22.264]	.info	0121_1/main.go:16	log init success!
[2025-01-24 11:34:25.049]	.info	controller/user.go:39	ccc
[2025-01-24 11:34:30.220]	.info	controller/user.go:39	ccc
[2025-01-24 11:34:40.393]	.info	controller/user.go:39	ccc
[2025-01-24 11:34:41.752]	.info	controller/user.go:39	ccc
[2025-01-24 11:36:11.187]	.info	controller/user.go:39	ccc
[2025-01-24 11:36:22.806]	.info	controller/user.go:39	ccc
[2025-01-24 11:36:32.038]	.info	controller/user.go:39	ccc
[2025-01-24 11:36:43.093]	.info	controller/user.go:39	ccc
[2025-01-24 11:36:54.987]	.info	0121_1/main.go:16	log init success!
[2025-01-24 11:36:57.934]	.info	controller/user.go:39	ccc
[2025-01-24 11:37:03.168]	.info	0121_1/main.go:16	log init success!
[2025-01-24 11:37:05.160]	.info	controller/user.go:39	ccc
[2025-01-24 11:45:21.442]	.info	0121_1/main.go:16	log init success!
[2025-01-24 11:45:27.150]	.info	controller/user.go:39	ccc
[2025-01-24 11:45:37.359]	.info	0121_1/main.go:16	log init success!
[2025-01-24 11:45:40.344]	.info	controller/user.go:39	ccc
[2025-01-24 11:46:46.537]	.info	0121_1/main.go:16	log init success!
[2025-01-24 11:46:51.356]	.info	controller/user.go:39	ccc
[2025-01-24 11:46:57.452]	.info	0121_1/main.go:16	log init success!
[2025-01-24 11:47:00.088]	.info	controller/user.go:39	ccc
[2025-01-24 11:48:17.505]	.info	controller/user.go:39	ccc
[2025-01-24 11:48:19.652]	.info	controller/user.go:39	ccc
[2025-01-24 11:48:20.855]	.info	controller/user.go:39	ccc
[2025-01-24 11:48:22.079]	.info	controller/user.go:39	ccc
[2025-01-24 11:48:23.188]	.info	controller/user.go:39	ccc
[2025-01-24 12:02:12.714]	.info	0121_1/main.go:16	log init success!
[2025-01-24 12:02:45.705]	.info	0121_1/main.go:16	log init success!
[2025-01-24 12:03:33.441]	.info	0121_1/main.go:16	log init success!
[2025-01-24 12:03:34.793]	.info	controller/user.go:39	ccc
[2025-01-24 12:08:23.504]	.info	controller/user.go:39	ccc
[2025-01-24 12:08:25.489]	.info	controller/user.go:39	ccc
[2025-01-24 12:08:26.257]	.info	controller/user.go:39	ccc
[2025-01-24 12:08:27.023]	.info	controller/user.go:39	ccc
[2025-01-24 12:11:24.746]	.info	0121_1/main.go:16	log init success!
[2025-01-24 12:13:07.792]	.info	0121_1/main.go:16	log init success!
[2025-01-24 12:13:15.067]	.info	0121_1/main.go:16	log init success!
[2025-01-24 12:13:16.587]	.info	controller/user.go:40	ccc
[2025-01-24 12:13:23.587]	.info	controller/user.go:40	ccc
[2025-01-24 12:19:43.389]	.info	controller/user.go:40	ccc
[2025-01-24 12:20:04.063]	.info	0121_1/main.go:16	log init success!
[2025-01-24 12:20:05.254]	.info	controller/user.go:40	ccc
[2025-01-24 12:20:36.266]	.info	0121_1/main.go:16	log init success!
[2025-01-24 15:13:17.487]	.info	0121_1/main.go:16	log init success!
[2025-01-24 15:15:34.680]	.info	0121_1/main.go:16	log init success!
[2025-01-24 15:16:15.500]	.info	0121_1/main.go:16	log init success!
[2025-01-24 15:17:24.290]	.info	0121_1/main.go:16	log init success!
[2025-01-24 15:17:41.822]	.info	0121_1/main.go:16	log init success!
[2025-01-24 15:17:55.239]	.info	0121_1/main.go:16	log init success!
[2025-01-24 15:18:06.519]	.info	0121_1/main.go:16	log init success!
[2025-01-24 15:18:38.145]	.info	0121_1/main.go:16	log init success!
[2025-01-24 15:19:24.759]	.info	0121_1/main.go:16	log init success!
[2025-01-24 15:21:23.778]	.info	0121_1/main.go:16	log init success!
[2025-01-24 15:26:40.394]	.info	0121_1/main.go:16	log init success!
[2025-01-24 15:26:54.724]	.info	0121_1/main.go:16	log init success!
[2025-01-24 15:27:23.864]	.info	0121_1/main.go:16	log init success!
[2025-01-24 15:27:51.222]	.info	0121_1/main.go:16	log init success!
[2025-01-24 15:28:06.131]	.info	0121_1/main.go:16	log init success!
[2025-01-24 15:28:17.067]	.info	0121_1/main.go:16	log init success!
[2025-01-24 15:30:20.257]	.info	0121_1/main.go:16	log init success!
[2025-01-24 16:24:33.729]	.info	0121_1/main.go:16	log init success!
[2025-01-24 16:24:55.279]	.info	0121_1/main.go:16	log init success!
[2025-01-24 16:27:01.858]	.info	0121_1/main.go:16	log init success!
[2025-01-24 16:28:16.523]	.info	0121_1/main.go:16	log init success!
[2025-01-24 16:31:03.075]	.info	0121_1/main.go:16	log init success!
[2025-01-24 16:32:14.785]	.info	0121_1/main.go:16	log init success!
[2025-01-24 16:53:10.891]	.info	0121_1/main.go:16	log init success!
[2025-01-24 17:01:52.050]	.info	0121_1/main.go:16	log init success!
[2025-01-24 17:04:00.519]	.info	0121_1/main.go:16	log init success!
[2025-01-24 17:04:28.083]	.info	0121_1/main.go:16	log init success!
[2025-01-24 17:05:47.891]	.info	0121_1/main.go:16	log init success!
[2025-01-24 17:08:09.938]	.info	0121_1/main.go:16	log init success!
[2025-01-24 17:08:34.252]	.info	0121_1/main.go:16	log init success!
[2025-01-24 17:11:03.290]	.info	0121_1/main.go:16	log init success!
[2025-01-24 17:12:53.212]	.info	0121_1/main.go:16	log init success!
[2025-01-24 17:13:28.775]	.info	0121_1/main.go:16	log init success!
[2025-01-24 17:15:42.816]	.info	0121_1/main.go:16	log init success!
[2025-01-24 17:16:26.709]	.info	0121_1/main.go:16	log init success!
[2025-01-24 17:19:09.034]	.info	0121_1/main.go:16	log init success!
[2025-01-24 17:19:12.179]	.info	0121_1/main.go:16	log init success!
[2025-02-06 14:18:17.810]	.info	0121_1/main.go:16	log init success!
[2025-02-06 14:22:11.353]	.info	0121_1/main.go:16	log init success!
[2025-02-06 14:38:55.643]	.info	0121_1/main.go:16	log init success!
[2025-02-06 15:00:54.594]	.info	0121_1/main.go:16	log init success!
[2025-02-06 17:17:19.753]	.info	0121_1/main.go:16	log init success!
[2025-02-06 17:17:52.021]	.info	0121_1/main.go:16	log init success!
[2025-02-06 17:18:31.374]	.info	0121_1/main.go:16	log init success!
[2025-02-06 17:20:48.635]	.info	0121_1/main.go:16	log init success!
[2025-02-06 17:22:32.468]	.info	0121_1/main.go:16	log init success!
[2025-02-06 17:23:51.168]	.info	0121_1/main.go:16	log init success!
[2025-02-06 17:25:02.089]	.info	0121_1/main.go:16	log init success!
[2025-02-07 10:16:11.749]	.info	0121_1/main.go:16	log init success!
[2025-02-10 09:35:55.631]	.info	0121_1/main.go:16	log init success!
[2025-02-10 12:21:04.436]	.info	bootstrap/bootstrap.go:10	log init success!
[2025-02-10 12:29:46.893]	.info	bootstrap/bootstrap.go:10	log init success!
[2025-02-28 11:53:35.613]	.info	bootstrap/bootstrap.go:10	log init success!
[2025-02-28 12:09:58.734]	.info	bootstrap/bootstrap.go:10	log init success!
[2025-02-28 12:18:31.258]	.info	bootstrap/bootstrap.go:10	log init success!
